<?xml version="1.0" encoding="UTF-8"?>
<!-- Generated by org.testng.reporters.JUnitReportReporter -->
<testsuite skipped="0" hostname="Hasneet3674" name="com.apiAutomation.APIAutomationFramework.testCases.Test1" tests="1" failures="0" timestamp="2019-12-17T17:20:59 GST" time="2.753" errors="0">
  <testcase name="findPlace" time="2.753" classname="com.apiAutomation.APIAutomationFramework.testCases.Test1"/>
</testsuite> <!-- com.apiAutomation.APIAutomationFramework.testCases.Test1 -->
