<?xml version="1.0" encoding="UTF-8"?>
<!-- Generated by org.testng.reporters.JUnitReportReporter -->
<testsuite hostname="Hasneet3674" name="com.apiAutomation.APIAutomationFramework.testCases.Test1" tests="1" failures="0" timestamp="17 Dec 2019 13:28:34 GMT" time="2.989" errors="0">
  <testcase name="findPlace" time="2.989" classname="com.apiAutomation.APIAutomationFramework.testCases.Test1"/>
</testsuite> <!-- com.apiAutomation.APIAutomationFramework.testCases.Test1 -->
